SF:lib\domain\entities\pokemon_details_entity.dart
DA:8,3
DA:15,1
DA:19,3
DA:20,3
DA:21,3
DA:22,3
DA:25,1
DA:27,11
LF:8
LH:8
end_of_record
SF:lib\domain\entities\pokemon_entity.dart
DA:6,2
DA:11,1
DA:15,6
DA:18,1
DA:19,5
LF:5
LH:5
end_of_record
SF:lib\domain\usecases\pokemon_details_usecase.dart
DA:16,1
DA:17,1
DA:21,2
LF:3
LH:3
end_of_record
SF:lib\domain\usecases\pokemon_usecase.dart
DA:11,1
DA:14,1
DA:16,2
LF:3
LH:3
end_of_record
SF:lib\external\datasource\pokemon_datasource.dart
DA:8,1
DA:9,1
DA:11,2
DA:12,2
DA:13,1
DA:15,1
LF:6
LH:6
end_of_record
SF:lib\infra\adapters\pokemon_adapter.dart
DA:4,1
DA:5,3
LF:2
LH:2
end_of_record
SF:lib\infra\adapters\pokemon_details_adapter.dart
DA:4,2
DA:5,2
DA:6,2
DA:7,2
DA:8,2
DA:9,2
LF:6
LH:6
end_of_record
SF:lib\infra\repositories\pokemon_details_repository.dart
DA:12,1
DA:13,1
DA:18,2
DA:21,1
DA:22,1
DA:23,1
DA:24,1
LF:7
LH:7
end_of_record
SF:lib\infra\repositories\pokemon_repository.dart
DA:10,1
DA:11,1
DA:14,2
DA:15,2
DA:16,1
DA:17,1
DA:18,1
LF:7
LH:7
end_of_record
SF:lib\main.dart
DA:3,0
DA:4,0
DA:8,2
DA:11,1
DA:13,1
DA:15,1
DA:33,1
DA:46,1
DA:47,1
DA:53,1
DA:54,2
DA:60,2
DA:64,1
DA:72,1
DA:73,1
DA:76,3
DA:78,1
DA:81,1
DA:97,1
DA:101,1
DA:102,2
DA:103,3
DA:108,1
DA:109,1
LF:24
LH:22
end_of_record
