SF:lib\app\domain\entities\pokemon_abilities_entity.dart
DA:4,4
DA:12,1
DA:13,3
LF:3
LH:3
end_of_record
SF:lib\app\domain\entities\pokemon_details_entity.dart
DA:10,3
DA:17,1
DA:18,5
LF:3
LH:3
end_of_record
SF:lib\app\domain\entities\pokemon_types_entity.dart
DA:4,4
DA:12,1
DA:13,3
LF:3
LH:3
end_of_record
SF:lib\app\domain\entities\pokemon_entity.dart
DA:6,2
DA:11,1
DA:12,3
LF:3
LH:3
end_of_record
SF:lib\app\domain\usecases\pokemon_details_usecase.dart
DA:17,1
DA:18,1
DA:22,2
LF:3
LH:3
end_of_record
SF:lib\app\domain\error\errors.dart
DA:4,3
LF:1
LH:1
end_of_record
SF:lib\app\domain\usecases\pokemon_usecase.dart
DA:13,1
DA:16,1
DA:18,4
LF:3
LH:3
end_of_record
SF:lib\app\external\datasource\pokemon_datasource.dart
DA:10,1
DA:11,1
DA:13,2
DA:14,2
DA:15,1
DA:17,2
LF:6
LH:6
end_of_record
SF:lib\app\infra\adapters\pokemon_ability_adapter.dart
DA:4,3
DA:5,3
DA:6,6
DA:7,6
LF:4
LH:4
end_of_record
SF:lib\app\infra\adapters\pokemon_adapter.dart
DA:4,1
DA:5,3
LF:2
LH:2
end_of_record
SF:lib\app\infra\adapters\pokemon_details_adapter.dart
DA:7,2
DA:8,2
DA:9,2
DA:10,6
DA:11,2
DA:12,2
DA:13,2
DA:14,4
LF:8
LH:8
end_of_record
SF:lib\app\infra\adapters\pokemon_type_adapter.dart
DA:4,3
DA:5,3
DA:6,6
DA:7,6
LF:4
LH:4
end_of_record
SF:lib\app\infra\repositories\pokemon_details_repository.dart
DA:13,1
DA:14,1
DA:19,2
DA:22,1
DA:23,1
DA:24,1
DA:25,1
LF:7
LH:7
end_of_record
SF:lib\app\infra\repositories\pokemon_repository.dart
DA:13,1
DA:14,1
DA:17,2
DA:19,2
DA:20,1
DA:21,1
DA:22,1
LF:7
LH:7
end_of_record
